2016-06-17 15:07:40,294 [Worker-40] INFO  o.e.m.c.i.l.LifecycleMappingFactory - Using org.maven.ide.eclipse.wtp.WarLifecycleMapping lifecycle mapping for MavenProject: com.company:first:1.0.0-BUILD-SNAPSHOT @ C:\sistproject\CompanyProject\pom.xml.
2016-06-17 15:07:45,931 [Worker-40] WARN  o.e.m.c.i.embedder.EclipseLogger - Using platform encoding (MS949 actually) to copy filtered resources, i.e. build is platform dependent!
2016-06-17 15:07:45,941 [Worker-40] INFO  o.e.m.c.i.embedder.EclipseLogger - Copying 8 resources
2016-06-17 15:07:45,960 [Worker-40] WARN  o.e.m.c.i.embedder.EclipseLogger - Using platform encoding (MS949 actually) to copy filtered resources, i.e. build is platform dependent!
2016-06-17 15:07:45,963 [Worker-40] INFO  o.e.m.c.i.embedder.EclipseLogger - skip non existing resourceDirectory C:\sistproject\CompanyProject\src\test\resources
2016-06-17 15:07:47,356 [Worker-35] INFO  o.e.m.c.i.l.LifecycleMappingFactory - Using org.maven.ide.eclipse.wtp.WarLifecycleMapping lifecycle mapping for MavenProject: com.company:first:1.0.0-BUILD-SNAPSHOT @ C:\sistproject\CompanyProject\pom.xml.
2016-06-17 15:08:13,483 [Worker-45] WARN  o.e.m.c.i.embedder.EclipseLogger - Using platform encoding (MS949 actually) to copy filtered resources, i.e. build is platform dependent!
2016-06-17 15:08:13,488 [Worker-45] INFO  o.e.m.c.i.embedder.EclipseLogger - Copying 0 resource
2016-06-17 15:08:13,490 [Worker-45] WARN  o.e.m.c.i.embedder.EclipseLogger - Using platform encoding (MS949 actually) to copy filtered resources, i.e. build is platform dependent!
2016-06-17 15:08:13,492 [Worker-45] INFO  o.e.m.c.i.embedder.EclipseLogger - skip non existing resourceDirectory C:\sistproject\CompanyProject\src\test\resources
2016-06-17 15:08:36,356 [Worker-43] WARN  o.e.m.c.i.embedder.EclipseLogger - Using platform encoding (MS949 actually) to copy filtered resources, i.e. build is platform dependent!
2016-06-17 15:08:36,362 [Worker-43] INFO  o.e.m.c.i.embedder.EclipseLogger - Copying 8 resources
2016-06-17 15:08:36,408 [Worker-43] WARN  o.e.m.c.i.embedder.EclipseLogger - Using platform encoding (MS949 actually) to copy filtered resources, i.e. build is platform dependent!
2016-06-17 15:08:36,410 [Worker-43] INFO  o.e.m.c.i.embedder.EclipseLogger - skip non existing resourceDirectory C:\sistproject\CompanyProject\src\test\resources
2016-06-17 15:08:42,485 [Worker-42] WARN  o.e.m.c.i.embedder.EclipseLogger - Using platform encoding (MS949 actually) to copy filtered resources, i.e. build is platform dependent!
2016-06-17 15:08:42,491 [Worker-42] INFO  o.e.m.c.i.embedder.EclipseLogger - Copying 8 resources
2016-06-17 15:08:42,494 [Worker-42] WARN  o.e.m.c.i.embedder.EclipseLogger - Using platform encoding (MS949 actually) to copy filtered resources, i.e. build is platform dependent!
2016-06-17 15:08:42,497 [Worker-42] INFO  o.e.m.c.i.embedder.EclipseLogger - skip non existing resourceDirectory C:\sistproject\CompanyProject\src\test\resources
2016-06-17 15:08:54,703 [Worker-42] WARN  o.e.m.c.i.embedder.EclipseLogger - Using platform encoding (MS949 actually) to copy filtered resources, i.e. build is platform dependent!
2016-06-17 15:08:54,708 [Worker-42] INFO  o.e.m.c.i.embedder.EclipseLogger - Copying 8 resources
2016-06-17 15:08:54,710 [Worker-42] WARN  o.e.m.c.i.embedder.EclipseLogger - Using platform encoding (MS949 actually) to copy filtered resources, i.e. build is platform dependent!
2016-06-17 15:08:54,713 [Worker-42] INFO  o.e.m.c.i.embedder.EclipseLogger - skip non existing resourceDirectory C:\sistproject\CompanyProject\src\test\resources
2016-06-17 15:12:58,895 [Worker-49] INFO  o.e.m.c.i.l.LifecycleMappingFactory - Using org.maven.ide.eclipse.wtp.WarLifecycleMapping lifecycle mapping for MavenProject: com.company:first:1.0.0-BUILD-SNAPSHOT @ C:\sistproject\company\pom.xml.
2016-06-17 15:13:04,867 [Worker-49] WARN  o.e.m.c.i.embedder.EclipseLogger - Using platform encoding (MS949 actually) to copy filtered resources, i.e. build is platform dependent!
2016-06-17 15:13:04,874 [Worker-49] INFO  o.e.m.c.i.embedder.EclipseLogger - Copying 8 resources
2016-06-17 15:13:04,899 [Worker-49] WARN  o.e.m.c.i.embedder.EclipseLogger - Using platform encoding (MS949 actually) to copy filtered resources, i.e. build is platform dependent!
2016-06-17 15:13:04,932 [Worker-49] INFO  o.e.m.c.i.embedder.EclipseLogger - skip non existing resourceDirectory C:\sistproject\company\src\test\resources
2016-06-17 15:13:17,507 [Worker-51] WARN  o.e.m.c.i.embedder.EclipseLogger - Using platform encoding (MS949 actually) to copy filtered resources, i.e. build is platform dependent!
2016-06-17 15:13:17,514 [Worker-51] INFO  o.e.m.c.i.embedder.EclipseLogger - Copying 0 resource
2016-06-17 15:13:17,516 [Worker-51] WARN  o.e.m.c.i.embedder.EclipseLogger - Using platform encoding (MS949 actually) to copy filtered resources, i.e. build is platform dependent!
2016-06-17 15:13:17,518 [Worker-51] INFO  o.e.m.c.i.embedder.EclipseLogger - skip non existing resourceDirectory C:\sistproject\company\src\test\resources
2016-06-17 15:13:30,782 [Worker-48] WARN  o.e.m.c.i.embedder.EclipseLogger - Using platform encoding (MS949 actually) to copy filtered resources, i.e. build is platform dependent!
2016-06-17 15:13:30,792 [Worker-48] INFO  o.e.m.c.i.embedder.EclipseLogger - Copying 8 resources
2016-06-17 15:13:30,832 [Worker-48] WARN  o.e.m.c.i.embedder.EclipseLogger - Using platform encoding (MS949 actually) to copy filtered resources, i.e. build is platform dependent!
2016-06-17 15:13:30,835 [Worker-48] INFO  o.e.m.c.i.embedder.EclipseLogger - skip non existing resourceDirectory C:\sistproject\company\src\test\resources
2016-06-17 15:13:35,544 [Worker-47] WARN  o.e.m.c.i.embedder.EclipseLogger - Using platform encoding (MS949 actually) to copy filtered resources, i.e. build is platform dependent!
2016-06-17 15:13:35,549 [Worker-47] INFO  o.e.m.c.i.embedder.EclipseLogger - Copying 8 resources
2016-06-17 15:13:35,551 [Worker-47] WARN  o.e.m.c.i.embedder.EclipseLogger - Using platform encoding (MS949 actually) to copy filtered resources, i.e. build is platform dependent!
2016-06-17 15:13:35,553 [Worker-47] INFO  o.e.m.c.i.embedder.EclipseLogger - skip non existing resourceDirectory C:\sistproject\company\src\test\resources
2016-06-17 15:17:07,209 [Worker-47] INFO  o.e.m.c.i.l.LifecycleMappingFactory - Using org.maven.ide.eclipse.wtp.WarLifecycleMapping lifecycle mapping for MavenProject: com.company:first:1.0.0-BUILD-SNAPSHOT @ C:\sistproject\board\pom.xml.
2016-06-17 15:17:13,097 [Worker-47] WARN  o.e.m.c.i.embedder.EclipseLogger - Using platform encoding (MS949 actually) to copy filtered resources, i.e. build is platform dependent!
2016-06-17 15:17:13,100 [Worker-47] INFO  o.e.m.c.i.embedder.EclipseLogger - Copying 8 resources
2016-06-17 15:17:13,145 [Worker-47] WARN  o.e.m.c.i.embedder.EclipseLogger - Using platform encoding (MS949 actually) to copy filtered resources, i.e. build is platform dependent!
2016-06-17 15:17:13,147 [Worker-47] INFO  o.e.m.c.i.embedder.EclipseLogger - skip non existing resourceDirectory C:\sistproject\board\src\test\resources
2016-06-17 15:17:25,971 [Worker-55] WARN  o.e.m.c.i.embedder.EclipseLogger - Using platform encoding (MS949 actually) to copy filtered resources, i.e. build is platform dependent!
2016-06-17 15:17:26,007 [Worker-55] INFO  o.e.m.c.i.embedder.EclipseLogger - Copying 8 resources
2016-06-17 15:17:26,066 [Worker-55] WARN  o.e.m.c.i.embedder.EclipseLogger - Using platform encoding (MS949 actually) to copy filtered resources, i.e. build is platform dependent!
2016-06-17 15:17:26,068 [Worker-55] INFO  o.e.m.c.i.embedder.EclipseLogger - skip non existing resourceDirectory C:\sistproject\board\src\test\resources
2016-06-17 15:18:57,896 [Worker-50] WARN  o.e.m.c.i.embedder.EclipseLogger - Using platform encoding (MS949 actually) to copy filtered resources, i.e. build is platform dependent!
2016-06-17 15:18:57,901 [Worker-50] INFO  o.e.m.c.i.embedder.EclipseLogger - Copying 8 resources
2016-06-17 15:18:57,938 [Worker-50] WARN  o.e.m.c.i.embedder.EclipseLogger - Using platform encoding (MS949 actually) to copy filtered resources, i.e. build is platform dependent!
2016-06-17 15:18:57,940 [Worker-50] INFO  o.e.m.c.i.embedder.EclipseLogger - skip non existing resourceDirectory C:\sistproject\board\src\test\resources
2016-06-17 15:36:42,153 [Worker-60] INFO  o.e.m.c.i.l.LifecycleMappingFactory - Using org.maven.ide.eclipse.wtp.WarLifecycleMapping lifecycle mapping for MavenProject: com.company:first:1.0.0-BUILD-SNAPSHOT @ C:\sistproject\company\pom.xml.
2016-06-17 15:36:47,198 [Worker-60] WARN  o.e.m.c.i.embedder.EclipseLogger - Using platform encoding (MS949 actually) to copy filtered resources, i.e. build is platform dependent!
2016-06-17 15:36:47,201 [Worker-60] INFO  o.e.m.c.i.embedder.EclipseLogger - Copying 8 resources
2016-06-17 15:36:47,217 [Worker-60] WARN  o.e.m.c.i.embedder.EclipseLogger - Using platform encoding (MS949 actually) to copy filtered resources, i.e. build is platform dependent!
2016-06-17 15:36:47,219 [Worker-60] INFO  o.e.m.c.i.embedder.EclipseLogger - skip non existing resourceDirectory C:\sistproject\company\src\test\resources
2016-06-17 15:37:00,955 [Worker-66] WARN  o.e.m.c.i.embedder.EclipseLogger - Using platform encoding (MS949 actually) to copy filtered resources, i.e. build is platform dependent!
2016-06-17 15:37:00,960 [Worker-66] INFO  o.e.m.c.i.embedder.EclipseLogger - Copying 0 resource
2016-06-17 15:37:00,961 [Worker-66] WARN  o.e.m.c.i.embedder.EclipseLogger - Using platform encoding (MS949 actually) to copy filtered resources, i.e. build is platform dependent!
2016-06-17 15:37:00,963 [Worker-66] INFO  o.e.m.c.i.embedder.EclipseLogger - skip non existing resourceDirectory C:\sistproject\company\src\test\resources
2016-06-21 22:40:40,064 [Worker-2] WARN  o.e.m.c.i.embedder.EclipseLogger - Using platform encoding (MS949 actually) to copy filtered resources, i.e. build is platform dependent!
2016-06-21 22:40:40,088 [Worker-2] INFO  o.e.m.c.i.embedder.EclipseLogger - Copying 8 resources
2016-06-21 22:40:40,106 [Worker-2] WARN  o.e.m.c.i.embedder.EclipseLogger - Using platform encoding (MS949 actually) to copy filtered resources, i.e. build is platform dependent!
2016-06-21 22:40:40,110 [Worker-2] INFO  o.e.m.c.i.embedder.EclipseLogger - skip non existing resourceDirectory C:\sistproject\company\src\test\resources
2016-06-22 13:26:24,423 [Worker-5] WARN  o.e.m.c.i.embedder.EclipseLogger - Using platform encoding (MS949 actually) to copy filtered resources, i.e. build is platform dependent!
2016-06-22 13:26:24,496 [Worker-5] INFO  o.e.m.c.i.embedder.EclipseLogger - Copying 8 resources
2016-06-22 13:26:24,515 [Worker-5] WARN  o.e.m.c.i.embedder.EclipseLogger - Using platform encoding (MS949 actually) to copy filtered resources, i.e. build is platform dependent!
2016-06-22 13:26:24,520 [Worker-5] INFO  o.e.m.c.i.embedder.EclipseLogger - skip non existing resourceDirectory C:\sistproject\company\src\test\resources
2016-06-22 17:47:28,124 [Worker-22] WARN  o.e.m.c.i.embedder.EclipseLogger - Using platform encoding (MS949 actually) to copy filtered resources, i.e. build is platform dependent!
2016-06-22 17:47:28,156 [Worker-22] INFO  o.e.m.c.i.embedder.EclipseLogger - Copying 8 resources
2016-06-22 17:47:28,179 [Worker-22] WARN  o.e.m.c.i.embedder.EclipseLogger - Using platform encoding (MS949 actually) to copy filtered resources, i.e. build is platform dependent!
2016-06-22 17:47:28,182 [Worker-22] INFO  o.e.m.c.i.embedder.EclipseLogger - skip non existing resourceDirectory C:\sistproject\company\src\test\resources
2016-06-24 21:52:53,038 [Worker-5] WARN  o.e.m.c.i.embedder.EclipseLogger - Using platform encoding (MS949 actually) to copy filtered resources, i.e. build is platform dependent!
2016-06-24 21:52:53,076 [Worker-5] INFO  o.e.m.c.i.embedder.EclipseLogger - Copying 8 resources
2016-06-24 21:52:53,088 [Worker-5] WARN  o.e.m.c.i.embedder.EclipseLogger - Using platform encoding (MS949 actually) to copy filtered resources, i.e. build is platform dependent!
2016-06-24 21:52:53,115 [Worker-5] INFO  o.e.m.c.i.embedder.EclipseLogger - skip non existing resourceDirectory C:\sistproject\company\src\test\resources
2016-06-26 16:09:33,462 [Worker-3] WARN  o.e.m.c.i.embedder.EclipseLogger - Using platform encoding (MS949 actually) to copy filtered resources, i.e. build is platform dependent!
2016-06-26 16:09:33,615 [Worker-3] INFO  o.e.m.c.i.embedder.EclipseLogger - Copying 8 resources
2016-06-26 16:09:33,702 [Worker-3] WARN  o.e.m.c.i.embedder.EclipseLogger - Using platform encoding (MS949 actually) to copy filtered resources, i.e. build is platform dependent!
2016-06-26 16:09:33,704 [Worker-3] INFO  o.e.m.c.i.embedder.EclipseLogger - skip non existing resourceDirectory C:\sistproject\company\src\test\resources
2016-06-27 12:55:42,753 [Worker-3] WARN  o.e.m.c.i.embedder.EclipseLogger - Using platform encoding (MS949 actually) to copy filtered resources, i.e. build is platform dependent!
2016-06-27 12:55:42,769 [Worker-3] INFO  o.e.m.c.i.embedder.EclipseLogger - Copying 8 resources
2016-06-27 12:55:42,780 [Worker-3] WARN  o.e.m.c.i.embedder.EclipseLogger - Using platform encoding (MS949 actually) to copy filtered resources, i.e. build is platform dependent!
2016-06-27 12:55:42,782 [Worker-3] INFO  o.e.m.c.i.embedder.EclipseLogger - skip non existing resourceDirectory C:\sistproject\company\src\test\resources
2016-06-27 14:43:55,940 [Worker-2] WARN  o.e.m.c.i.embedder.EclipseLogger - Using platform encoding (MS949 actually) to copy filtered resources, i.e. build is platform dependent!
2016-06-27 14:43:55,960 [Worker-2] INFO  o.e.m.c.i.embedder.EclipseLogger - Copying 8 resources
2016-06-27 14:43:55,974 [Worker-2] WARN  o.e.m.c.i.embedder.EclipseLogger - Using platform encoding (MS949 actually) to copy filtered resources, i.e. build is platform dependent!
2016-06-27 14:43:55,976 [Worker-2] INFO  o.e.m.c.i.embedder.EclipseLogger - skip non existing resourceDirectory C:\sistproject\company\src\test\resources
2016-06-27 14:45:21,010 [Worker-8] WARN  o.e.m.c.i.embedder.EclipseLogger - Using platform encoding (MS949 actually) to copy filtered resources, i.e. build is platform dependent!
2016-06-27 14:45:21,022 [Worker-8] INFO  o.e.m.c.i.embedder.EclipseLogger - Copying 0 resource
2016-06-27 14:45:21,024 [Worker-8] WARN  o.e.m.c.i.embedder.EclipseLogger - Using platform encoding (MS949 actually) to copy filtered resources, i.e. build is platform dependent!
2016-06-27 14:45:21,026 [Worker-8] INFO  o.e.m.c.i.embedder.EclipseLogger - skip non existing resourceDirectory C:\sistproject\company\src\test\resources
2016-06-29 13:00:25,537 [Worker-6] WARN  o.e.m.c.i.embedder.EclipseLogger - Using platform encoding (MS949 actually) to copy filtered resources, i.e. build is platform dependent!
2016-06-29 13:00:25,552 [Worker-6] INFO  o.e.m.c.i.embedder.EclipseLogger - Copying 8 resources
2016-06-29 13:00:25,564 [Worker-6] WARN  o.e.m.c.i.embedder.EclipseLogger - Using platform encoding (MS949 actually) to copy filtered resources, i.e. build is platform dependent!
2016-06-29 13:00:25,566 [Worker-6] INFO  o.e.m.c.i.embedder.EclipseLogger - skip non existing resourceDirectory C:\sistproject\company\src\test\resources
2016-07-04 12:32:42,044 [Worker-3] WARN  o.e.m.c.i.embedder.EclipseLogger - Using platform encoding (MS949 actually) to copy filtered resources, i.e. build is platform dependent!
2016-07-04 12:32:42,098 [Worker-3] INFO  o.e.m.c.i.embedder.EclipseLogger - Copying 8 resources
2016-07-04 12:32:42,137 [Worker-3] WARN  o.e.m.c.i.embedder.EclipseLogger - Using platform encoding (MS949 actually) to copy filtered resources, i.e. build is platform dependent!
2016-07-04 12:32:42,139 [Worker-3] INFO  o.e.m.c.i.embedder.EclipseLogger - skip non existing resourceDirectory C:\sistproject\company\src\test\resources
2016-07-05 20:18:58,020 [Worker-6] WARN  o.e.m.c.i.embedder.EclipseLogger - Using platform encoding (MS949 actually) to copy filtered resources, i.e. build is platform dependent!
2016-07-05 20:18:58,035 [Worker-6] INFO  o.e.m.c.i.embedder.EclipseLogger - Copying 8 resources
2016-07-05 20:18:58,047 [Worker-6] WARN  o.e.m.c.i.embedder.EclipseLogger - Using platform encoding (MS949 actually) to copy filtered resources, i.e. build is platform dependent!
2016-07-05 20:18:58,050 [Worker-6] INFO  o.e.m.c.i.embedder.EclipseLogger - skip non existing resourceDirectory C:\sistproject\company\src\test\resources
2016-07-05 20:23:56,548 [Worker-16] WARN  o.e.m.c.i.embedder.EclipseLogger - Using platform encoding (MS949 actually) to copy filtered resources, i.e. build is platform dependent!
2016-07-05 20:23:56,560 [Worker-16] INFO  o.e.m.c.i.embedder.EclipseLogger - Copying 8 resources
2016-07-05 20:23:56,569 [Worker-16] WARN  o.e.m.c.i.embedder.EclipseLogger - Using platform encoding (MS949 actually) to copy filtered resources, i.e. build is platform dependent!
2016-07-05 20:23:56,570 [Worker-16] INFO  o.e.m.c.i.embedder.EclipseLogger - skip non existing resourceDirectory C:\sistproject\company\src\test\resources
2016-07-05 20:34:10,193 [Worker-6] WARN  o.e.m.c.i.embedder.EclipseLogger - Using platform encoding (MS949 actually) to copy filtered resources, i.e. build is platform dependent!
2016-07-05 20:34:10,204 [Worker-6] INFO  o.e.m.c.i.embedder.EclipseLogger - Copying 8 resources
2016-07-05 20:34:10,212 [Worker-6] WARN  o.e.m.c.i.embedder.EclipseLogger - Using platform encoding (MS949 actually) to copy filtered resources, i.e. build is platform dependent!
2016-07-05 20:34:10,214 [Worker-6] INFO  o.e.m.c.i.embedder.EclipseLogger - skip non existing resourceDirectory C:\sistproject\company\src\test\resources
2016-07-10 03:54:39,757 [Worker-17] WARN  o.e.m.c.i.embedder.EclipseLogger - Using platform encoding (MS949 actually) to copy filtered resources, i.e. build is platform dependent!
2016-07-10 03:54:39,773 [Worker-17] INFO  o.e.m.c.i.embedder.EclipseLogger - Copying 8 resources
2016-07-10 03:54:39,786 [Worker-17] WARN  o.e.m.c.i.embedder.EclipseLogger - Using platform encoding (MS949 actually) to copy filtered resources, i.e. build is platform dependent!
2016-07-10 03:54:39,788 [Worker-17] INFO  o.e.m.c.i.embedder.EclipseLogger - skip non existing resourceDirectory C:\sistproject\company\src\test\resources
2016-07-11 12:13:41,794 [Worker-5] WARN  o.e.m.c.i.embedder.EclipseLogger - Using platform encoding (MS949 actually) to copy filtered resources, i.e. build is platform dependent!
2016-07-11 12:13:41,829 [Worker-5] INFO  o.e.m.c.i.embedder.EclipseLogger - Copying 8 resources
2016-07-11 12:13:41,843 [Worker-5] WARN  o.e.m.c.i.embedder.EclipseLogger - Using platform encoding (MS949 actually) to copy filtered resources, i.e. build is platform dependent!
2016-07-11 12:13:41,844 [Worker-5] INFO  o.e.m.c.i.embedder.EclipseLogger - skip non existing resourceDirectory C:\sistproject\company\src\test\resources
2016-07-11 20:48:31,557 [Worker-4] WARN  o.e.m.c.i.embedder.EclipseLogger - Using platform encoding (MS949 actually) to copy filtered resources, i.e. build is platform dependent!
2016-07-11 20:48:31,572 [Worker-4] INFO  o.e.m.c.i.embedder.EclipseLogger - Copying 8 resources
2016-07-11 20:48:31,586 [Worker-4] WARN  o.e.m.c.i.embedder.EclipseLogger - Using platform encoding (MS949 actually) to copy filtered resources, i.e. build is platform dependent!
2016-07-11 20:48:31,589 [Worker-4] INFO  o.e.m.c.i.embedder.EclipseLogger - skip non existing resourceDirectory C:\sistproject\company\src\test\resources
2016-07-11 21:48:26,929 [Worker-25] WARN  o.e.m.c.i.embedder.EclipseLogger - Using platform encoding (MS949 actually) to copy filtered resources, i.e. build is platform dependent!
2016-07-11 21:48:27,100 [Worker-25] INFO  o.e.m.c.i.embedder.EclipseLogger - Copying 8 resources
2016-07-11 21:48:27,118 [Worker-25] WARN  o.e.m.c.i.embedder.EclipseLogger - Using platform encoding (MS949 actually) to copy filtered resources, i.e. build is platform dependent!
2016-07-11 21:48:27,120 [Worker-25] INFO  o.e.m.c.i.embedder.EclipseLogger - skip non existing resourceDirectory C:\sistproject\company\src\test\resources
2016-07-18 11:59:32,638 [Worker-20] WARN  o.e.m.c.i.embedder.EclipseLogger - Using platform encoding (MS949 actually) to copy filtered resources, i.e. build is platform dependent!
2016-07-18 11:59:32,655 [Worker-20] INFO  o.e.m.c.i.embedder.EclipseLogger - Copying 8 resources
2016-07-18 11:59:32,675 [Worker-20] WARN  o.e.m.c.i.embedder.EclipseLogger - Using platform encoding (MS949 actually) to copy filtered resources, i.e. build is platform dependent!
2016-07-18 11:59:32,681 [Worker-20] INFO  o.e.m.c.i.embedder.EclipseLogger - skip non existing resourceDirectory C:\sistproject\company\src\test\resources
2016-07-23 11:16:04,431 [Worker-3] WARN  o.e.m.c.i.embedder.EclipseLogger - Using platform encoding (MS949 actually) to copy filtered resources, i.e. build is platform dependent!
2016-07-23 11:16:04,447 [Worker-3] INFO  o.e.m.c.i.embedder.EclipseLogger - Copying 8 resources
2016-07-23 11:16:04,461 [Worker-3] WARN  o.e.m.c.i.embedder.EclipseLogger - Using platform encoding (MS949 actually) to copy filtered resources, i.e. build is platform dependent!
2016-07-23 11:16:04,462 [Worker-3] INFO  o.e.m.c.i.embedder.EclipseLogger - skip non existing resourceDirectory C:\sistproject\company\src\test\resources
2016-07-24 19:52:28,296 [Worker-10] WARN  o.e.m.c.i.embedder.EclipseLogger - Using platform encoding (MS949 actually) to copy filtered resources, i.e. build is platform dependent!
2016-07-24 19:52:28,310 [Worker-10] INFO  o.e.m.c.i.embedder.EclipseLogger - Copying 8 resources
2016-07-24 19:52:28,321 [Worker-10] WARN  o.e.m.c.i.embedder.EclipseLogger - Using platform encoding (MS949 actually) to copy filtered resources, i.e. build is platform dependent!
2016-07-24 19:52:28,322 [Worker-10] INFO  o.e.m.c.i.embedder.EclipseLogger - skip non existing resourceDirectory C:\sistproject\company\src\test\resources
2016-07-25 11:52:54,533 [Worker-2] WARN  o.e.m.c.i.embedder.EclipseLogger - Using platform encoding (MS949 actually) to copy filtered resources, i.e. build is platform dependent!
2016-07-25 11:52:54,553 [Worker-2] INFO  o.e.m.c.i.embedder.EclipseLogger - Copying 8 resources
2016-07-25 11:52:54,567 [Worker-2] WARN  o.e.m.c.i.embedder.EclipseLogger - Using platform encoding (MS949 actually) to copy filtered resources, i.e. build is platform dependent!
2016-07-25 11:52:54,568 [Worker-2] INFO  o.e.m.c.i.embedder.EclipseLogger - skip non existing resourceDirectory C:\sistproject\company\src\test\resources
2016-07-25 12:05:09,354 [Worker-0] INFO  o.e.m.c.i.l.LifecycleMappingFactory - Using org.maven.ide.eclipse.wtp.WarLifecycleMapping lifecycle mapping for MavenProject: com.company:first:1.0.0-BUILD-SNAPSHOT @ C:\sistproject\company\pom.xml.
2016-07-25 12:05:15,493 [Worker-6] WARN  o.e.m.c.i.embedder.EclipseLogger - Using platform encoding (MS949 actually) to copy filtered resources, i.e. build is platform dependent!
2016-07-25 12:05:15,505 [Worker-6] INFO  o.e.m.c.i.embedder.EclipseLogger - Copying 8 resources
2016-07-25 12:05:15,518 [Worker-6] WARN  o.e.m.c.i.embedder.EclipseLogger - Using platform encoding (MS949 actually) to copy filtered resources, i.e. build is platform dependent!
2016-07-25 12:05:15,520 [Worker-6] INFO  o.e.m.c.i.embedder.EclipseLogger - skip non existing resourceDirectory C:\sistproject\company\src\test\resources
2016-07-25 12:12:48,754 [Worker-21] WARN  o.e.m.c.i.embedder.EclipseLogger - Using platform encoding (MS949 actually) to copy filtered resources, i.e. build is platform dependent!
2016-07-25 12:12:48,769 [Worker-21] INFO  o.e.m.c.i.embedder.EclipseLogger - Copying 8 resources
2016-07-25 12:12:48,781 [Worker-21] WARN  o.e.m.c.i.embedder.EclipseLogger - Using platform encoding (MS949 actually) to copy filtered resources, i.e. build is platform dependent!
2016-07-25 12:12:48,782 [Worker-21] INFO  o.e.m.c.i.embedder.EclipseLogger - skip non existing resourceDirectory C:\sistproject\company\src\test\resources
2016-07-30 20:15:01,075 [Worker-1] WARN  o.e.m.c.i.embedder.EclipseLogger - Using platform encoding (MS949 actually) to copy filtered resources, i.e. build is platform dependent!
2016-07-30 20:15:01,123 [Worker-1] INFO  o.e.m.c.i.embedder.EclipseLogger - Copying 8 resources
2016-07-30 20:15:01,136 [Worker-1] WARN  o.e.m.c.i.embedder.EclipseLogger - Using platform encoding (MS949 actually) to copy filtered resources, i.e. build is platform dependent!
2016-07-30 20:15:01,137 [Worker-1] INFO  o.e.m.c.i.embedder.EclipseLogger - skip non existing resourceDirectory C:\sistproject\company\src\test\resources
2016-07-31 19:35:33,675 [Worker-3] WARN  o.e.m.c.i.embedder.EclipseLogger - Using platform encoding (MS949 actually) to copy filtered resources, i.e. build is platform dependent!
2016-07-31 19:35:33,696 [Worker-3] INFO  o.e.m.c.i.embedder.EclipseLogger - Copying 8 resources
2016-07-31 19:35:33,712 [Worker-3] WARN  o.e.m.c.i.embedder.EclipseLogger - Using platform encoding (MS949 actually) to copy filtered resources, i.e. build is platform dependent!
2016-07-31 19:35:33,714 [Worker-3] INFO  o.e.m.c.i.embedder.EclipseLogger - skip non existing resourceDirectory C:\sistproject\company\src\test\resources
2016-08-04 13:53:12,859 [Worker-7] WARN  o.e.m.c.i.embedder.EclipseLogger - Using platform encoding (MS949 actually) to copy filtered resources, i.e. build is platform dependent!
2016-08-04 13:53:12,873 [Worker-7] INFO  o.e.m.c.i.embedder.EclipseLogger - Copying 8 resources
2016-08-04 13:53:12,886 [Worker-7] WARN  o.e.m.c.i.embedder.EclipseLogger - Using platform encoding (MS949 actually) to copy filtered resources, i.e. build is platform dependent!
2016-08-04 13:53:12,887 [Worker-7] INFO  o.e.m.c.i.embedder.EclipseLogger - skip non existing resourceDirectory C:\sistproject\company\src\test\resources
2016-08-05 12:19:02,083 [Worker-2] WARN  o.e.m.c.i.embedder.EclipseLogger - Using platform encoding (MS949 actually) to copy filtered resources, i.e. build is platform dependent!
2016-08-05 12:19:02,096 [Worker-2] INFO  o.e.m.c.i.embedder.EclipseLogger - Copying 8 resources
2016-08-05 12:19:02,107 [Worker-2] WARN  o.e.m.c.i.embedder.EclipseLogger - Using platform encoding (MS949 actually) to copy filtered resources, i.e. build is platform dependent!
2016-08-05 12:19:02,109 [Worker-2] INFO  o.e.m.c.i.embedder.EclipseLogger - skip non existing resourceDirectory C:\sistproject\company\src\test\resources
2016-08-05 15:45:00,870 [Worker-1] WARN  o.e.m.c.i.embedder.EclipseLogger - Using platform encoding (MS949 actually) to copy filtered resources, i.e. build is platform dependent!
2016-08-05 15:45:00,884 [Worker-1] INFO  o.e.m.c.i.embedder.EclipseLogger - Copying 8 resources
2016-08-05 15:45:00,896 [Worker-1] WARN  o.e.m.c.i.embedder.EclipseLogger - Using platform encoding (MS949 actually) to copy filtered resources, i.e. build is platform dependent!
2016-08-05 15:45:00,898 [Worker-1] INFO  o.e.m.c.i.embedder.EclipseLogger - skip non existing resourceDirectory C:\sistproject\company\src\test\resources
2016-08-12 08:11:02,944 [Worker-5] WARN  o.e.m.c.i.embedder.EclipseLogger - Using platform encoding (MS949 actually) to copy filtered resources, i.e. build is platform dependent!
2016-08-12 08:11:02,963 [Worker-5] INFO  o.e.m.c.i.embedder.EclipseLogger - Copying 8 resources
2016-08-12 08:11:02,980 [Worker-5] WARN  o.e.m.c.i.embedder.EclipseLogger - Using platform encoding (MS949 actually) to copy filtered resources, i.e. build is platform dependent!
2016-08-12 08:11:02,982 [Worker-5] INFO  o.e.m.c.i.embedder.EclipseLogger - skip non existing resourceDirectory C:\sistproject\company\src\test\resources
2016-08-19 16:20:42,301 [Worker-7] WARN  o.e.m.c.i.embedder.EclipseLogger - Using platform encoding (MS949 actually) to copy filtered resources, i.e. build is platform dependent!
2016-08-19 16:20:42,318 [Worker-7] INFO  o.e.m.c.i.embedder.EclipseLogger - Copying 8 resources
2016-08-19 16:20:42,331 [Worker-7] WARN  o.e.m.c.i.embedder.EclipseLogger - Using platform encoding (MS949 actually) to copy filtered resources, i.e. build is platform dependent!
2016-08-19 16:20:42,333 [Worker-7] INFO  o.e.m.c.i.embedder.EclipseLogger - skip non existing resourceDirectory C:\sistproject\company\src\test\resources
2016-09-23 21:22:26,328 [Worker-1] WARN  o.e.m.c.i.embedder.EclipseLogger - Using platform encoding (MS949 actually) to copy filtered resources, i.e. build is platform dependent!
2016-09-23 21:22:26,340 [Worker-1] INFO  o.e.m.c.i.embedder.EclipseLogger - Copying 8 resources
2016-09-23 21:22:26,350 [Worker-1] WARN  o.e.m.c.i.embedder.EclipseLogger - Using platform encoding (MS949 actually) to copy filtered resources, i.e. build is platform dependent!
2016-09-23 21:22:26,352 [Worker-1] INFO  o.e.m.c.i.embedder.EclipseLogger - skip non existing resourceDirectory C:\sistproject\company\src\test\resources
2016-10-31 16:34:47,240 [Worker-16] INFO  o.e.m.c.i.l.LifecycleMappingFactory - Using org.maven.ide.eclipse.wtp.WarLifecycleMapping lifecycle mapping for MavenProject: com.company:first:1.0.0-BUILD-SNAPSHOT @ C:\sistproject\company\pom.xml.
2016-10-31 16:35:04,964 [Worker-0] WARN  o.e.m.c.i.embedder.EclipseLogger - Using platform encoding (MS949 actually) to copy filtered resources, i.e. build is platform dependent!
2016-10-31 16:35:04,975 [Worker-0] INFO  o.e.m.c.i.embedder.EclipseLogger - Copying 8 resources
2016-10-31 16:35:04,986 [Worker-0] WARN  o.e.m.c.i.embedder.EclipseLogger - Using platform encoding (MS949 actually) to copy filtered resources, i.e. build is platform dependent!
2016-10-31 16:35:04,987 [Worker-0] INFO  o.e.m.c.i.embedder.EclipseLogger - skip non existing resourceDirectory C:\sistproject\company\src\test\resources
2016-11-29 13:41:45,107 [Worker-14] WARN  o.e.m.c.i.embedder.EclipseLogger - Using platform encoding (MS949 actually) to copy filtered resources, i.e. build is platform dependent!
2016-11-29 13:41:45,118 [Worker-14] INFO  o.e.m.c.i.embedder.EclipseLogger - Copying 8 resources
2016-11-29 13:41:45,129 [Worker-14] WARN  o.e.m.c.i.embedder.EclipseLogger - Using platform encoding (MS949 actually) to copy filtered resources, i.e. build is platform dependent!
2016-11-29 13:41:45,130 [Worker-14] INFO  o.e.m.c.i.embedder.EclipseLogger - skip non existing resourceDirectory C:\sistproject\company\src\test\resources
